error: 403: Authorization denied
error: 500: Something went wrong
error: 403: Authorization denied
2023-04-11T21:01:52.086Z error: 403: Authorization denied
2023-04-11T21:03:52.549Z error 403: Authorization denied
2023-04-12T03:07:45.539Z error 500: Cannot read properties of undefined (reading 'prisma')
2023-04-12T03:11:11.885Z error 500: Cannot read properties of undefined (reading 'prisma')
2023-04-12T05:14:11.966Z error 400: Bad request
2023-04-12T05:14:47.957Z error 400: Bad request
2023-04-12T05:48:59.798Z error 403: Authorization denied
2023-04-12T05:49:58.496Z error 403: Authorization denied
2023-04-12T15:46:01.603Z error 400: Bad request
2023-04-12T15:46:25.555Z error 400: Bad request
2023-04-12T15:46:53.959Z error 400: Bad request
2023-04-12T15:47:08.991Z error 400: Bad request
2023-04-13T00:40:40.353Z error Received SIGINT. Shutting down.
2023-04-13T00:41:25.484Z error Received SIGINT. Shutting down.
2023-04-13T00:43:02.560Z error Received SIGINT. Shutting down.
2023-04-13T00:44:17.894Z error undefined
2023-04-13T00:45:00.335Z error Received SIGINT. Shutting down.
2023-04-13T00:45:39.436Z error Received SIGINT. Shutting down.
2023-04-13T00:45:56.938Z error Received SIGINT. Shutting down.
2023-04-13T00:47:48.709Z error Received SIGINT. Shutting down.
2023-04-13T00:55:02.424Z error Received SIGINT. Shutting down.
2023-04-13T00:55:16.008Z error Received SIGINT. Shutting down.
2023-04-13T00:55:53.525Z error Received SIGINT. Shutting down.
2023-04-13T00:56:07.908Z error Received SIGINT. Shutting down.
2023-04-13T00:57:05.918Z error Received SIGINT. Shutting down.
2023-04-13T01:06:53.500Z error 500: 
Invalid `prisma.user.create()` invocation in
/Users/jeanvittory/Documents/Programacion/proyecto-1/Backend/src/api/controllers/Users.controller.ts:40:25

  37   next(ApiError.Forbbiden());
  38 }
  39 
→ 40 await prisma.user.create({
       data: {
         name: 'Carlos',
         lastname: 'Leon',
         username: 'Carlos',
         avatar: 'Foto.png',
         email: 'carlos@gmail.com',
         phone: '12345654321',
         nationality: 'Colombiana',
         gender: 'Male',
         birthday: new Date('2000-12-02T05:00:00.000Z'),
         ~~~~~~~~
         blood_type: 'A+',
         password: '12345',
         role: 1993,
         ~~~~
     +   birthdate: DateTime,
     +   role_id: {
     +     create?: RoleCreateWithoutUserInput | RoleUncheckedCreateWithoutUserInput,
     +     connectOrCreate?: RoleCreateOrConnectWithoutUserInput,
     +     connect?: RoleWhereUniqueInput
     +   },
     ?   id?: String,
     ?   createdAt?: DateTime,
     ?   updatedAt?: DateTime,
     ?   appointments?: {
     ?     create?: AppointmentCreateWithoutUserInput | AppointmentCreateWithoutUserInput | AppointmentUncheckedCreateWithoutUserInput | AppointmentUncheckedCreateWithoutUserInput,
     ?     connectOrCreate?: AppointmentCreateOrConnectWithoutUserInput | AppointmentCreateOrConnectWithoutUserInput,
     ?     createMany?: AppointmentCreateManyUserInputEnvelope,
     ?     connect?: AppointmentWhereUniqueInput | AppointmentWhereUniqueInput
     ?   },
     ?   orders?: {
     ?     create?: OrderCreateWithoutUserInput | OrderCreateWithoutUserInput | OrderUncheckedCreateWithoutUserInput | OrderUncheckedCreateWithoutUserInput,
     ?     connectOrCreate?: OrderCreateOrConnectWithoutUserInput | OrderCreateOrConnectWithoutUserInput,
     ?     createMany?: OrderCreateManyUserInputEnvelope,
     ?     connect?: OrderWhereUniqueInput | OrderWhereUniqueInput
     ?   }
       }
     })

Unknown arg `birthday` in data.birthday for type UserCreateInput. Did you mean `birthdate`?
Unknown arg `role` in data.role for type UserCreateInput. Did you mean `name`?
Argument birthdate for data.birthdate is missing.
Argument role_id for data.role_id is missing.

Note: Lines with + are required, lines with ? are optional.

2023-04-13T03:12:03.223Z error 401: Authentication credential failed
2023-04-13T03:25:38.105Z error Received SIGINT. Shutting down.
